<?xml version="1.0" encoding="UTF-8"?>
<testng-results total="2" passed="2" failed="0" skipped="0">
  <reporter-output>
  </reporter-output>
  <suite started-at="2024-08-31T18:44:22Z" name="Test Suite for Buildout" finished-at="2024-08-31T18:46:43Z" duration-ms="141616">
    <groups>
    </groups>
    <test started-at="2024-08-31T18:44:22Z" name="Test Cases for Buildout" finished-at="2024-08-31T18:46:43Z" duration-ms="141616">
      <class name="demo.TestCases">
        <test-method is-config="true" signature="startBrowser()[pri:0, instance:demo.TestCases@335b5620]" started-at="2024-09-01T00:14:22Z" name="startBrowser" finished-at="2024-09-01T00:14:23Z" duration-ms="1608" status="PASS">
          <reporter-output>
          </reporter-output>
        </test-method> <!-- startBrowser -->
        <test-method is-config="true" signature="naviagation()[pri:0, instance:demo.TestCases@335b5620]" started-at="2024-09-01T00:14:23Z" name="naviagation" finished-at="2024-09-01T00:14:28Z" duration-ms="4424" status="PASS">
          <reporter-output>
          </reporter-output>
        </test-method> <!-- naviagation -->
        <test-method signature="testCase01()[pri:0, instance:demo.TestCases@335b5620]" started-at="2024-09-01T00:14:28Z" name="testCase01" description="Testcase01" finished-at="2024-09-01T00:14:52Z" duration-ms="23725" status="PASS">
          <reporter-output>
          </reporter-output>
        </test-method> <!-- testCase01 -->
        <test-method is-config="true" signature="naviagation()[pri:0, instance:demo.TestCases@335b5620]" started-at="2024-09-01T00:14:52Z" name="naviagation" finished-at="2024-09-01T00:14:56Z" duration-ms="3978" status="PASS">
          <reporter-output>
          </reporter-output>
        </test-method> <!-- naviagation -->
        <test-method signature="testCase02()[pri:0, instance:demo.TestCases@335b5620]" started-at="2024-09-01T00:14:56Z" name="testCase02" description="Testcase02" finished-at="2024-09-01T00:16:43Z" duration-ms="107698" status="PASS">
          <reporter-output>
          </reporter-output>
        </test-method> <!-- testCase02 -->
        <test-method is-config="true" signature="endTest()[pri:0, instance:demo.TestCases@335b5620]" started-at="2024-09-01T00:16:43Z" name="endTest" finished-at="2024-09-01T00:16:43Z" duration-ms="172" status="PASS">
          <reporter-output>
          </reporter-output>
        </test-method> <!-- endTest -->
      </class> <!-- demo.TestCases -->
    </test> <!-- Test Cases for Buildout -->
  </suite> <!-- Test Suite for Buildout -->
</testng-results>
